This file contains any messages produced by compilers while
running configure, to aid debugging if configure makes a mistake.

It was created by qbittorrent configure v3.2.0alpha, which was
generated by GNU Autoconf 2.69.  Invocation command line was

  $ ./configure 

## --------- ##
## Platform. ##
## --------- ##

hostname = Brandons-MacBook-Pro.local
uname -m = x86_64
uname -r = 17.2.0
uname -s = Darwin
uname -v = Darwin Kernel Version 17.2.0: Fri Sep 29 18:27:05 PDT 2017; root:xnu-4570.20.62~3/RELEASE_X86_64

/usr/bin/uname -p = i386
/bin/uname -X     = unknown

/bin/arch              = unknown
/usr/bin/arch -k       = unknown
/usr/convex/getsysinfo = unknown
/usr/bin/hostinfo      = Mach kernel version:
	 Darwin Kernel Version 17.2.0: Fri Sep 29 18:27:05 PDT 2017; root:xnu-4570.20.62~3/RELEASE_X86_64
Kernel configured for up to 4 processors.
2 processors are physically available.
4 processors are logically available.
Processor type: x86_64h (Intel x86-64h Haswell)
Processors active: 0 1 2 3
Primary memory available: 8.00 gigabytes
Default processor set: 301 tasks, 1477 threads, 4 processors
Load average: 2.29, Mach factor: 1.91
/bin/machine           = unknown
/usr/bin/oslevel       = unknown
/bin/universe          = unknown

PATH: /usr/bin
PATH: /bin
PATH: /usr/sbin
PATH: /sbin
PATH: /usr/local/bin
PATH: /Users/brandonwright/sdk/platform-tools


## ----------- ##
## Core tests. ##
## ----------- ##

configure:2069: checking for gcc
configure:2085: found /usr/bin/gcc
configure:2096: result: gcc
configure:2325: checking for C compiler version
configure:2334: gcc --version >&5
Apple LLVM version 9.0.0 (clang-900.0.38)
Target: x86_64-apple-darwin17.2.0
Thread model: posix
InstalledDir: /Applications/Xcode.app/Contents/Developer/Toolchains/XcodeDefault.xctoolchain/usr/bin
Configured with: --prefix=/Applications/Xcode.app/Contents/Developer/usr --with-gxx-include-dir=/usr/include/c++/4.2.1
configure:2345: $? = 0
configure:2334: gcc -v >&5
Configured with: --prefix=/Applications/Xcode.app/Contents/Developer/usr --with-gxx-include-dir=/usr/include/c++/4.2.1
Apple LLVM version 9.0.0 (clang-900.0.38)
Target: x86_64-apple-darwin17.2.0
Thread model: posix
InstalledDir: /Applications/Xcode.app/Contents/Developer/Toolchains/XcodeDefault.xctoolchain/usr/bin
configure:2345: $? = 0
configure:2334: gcc -V >&5
clang: error: argument to '-V' is missing (expected 1 value)
clang: error: no input files
configure:2345: $? = 1
configure:2334: gcc -qversion >&5
clang: error: unknown argument: '-qversion'
clang: error: no input files
configure:2345: $? = 1
configure:2365: checking whether the C compiler works
configure:2387: gcc    conftest.c  >&5
configure:2391: $? = 0
configure:2439: result: yes
configure:2442: checking for C compiler default output file name
configure:2444: result: a.out
configure:2450: checking for suffix of executables
configure:2457: gcc -o conftest    conftest.c  >&5
configure:2461: $? = 0
configure:2483: result: 
configure:2505: checking whether we are cross compiling
configure:2513: gcc -o conftest    conftest.c  >&5
configure:2517: $? = 0
configure:2524: ./conftest
configure:2528: $? = 0
configure:2543: result: no
configure:2548: checking for suffix of object files
configure:2570: gcc -c   conftest.c >&5
configure:2574: $? = 0
configure:2595: result: o
configure:2599: checking whether we are using the GNU C compiler
configure:2618: gcc -c   conftest.c >&5
configure:2618: $? = 0
configure:2627: result: yes
configure:2636: checking whether gcc accepts -g
configure:2656: gcc -c -g  conftest.c >&5
configure:2656: $? = 0
configure:2697: result: yes
configure:2714: checking for gcc option to accept ISO C89
configure:2777: gcc  -c -g -O2  conftest.c >&5
configure:2777: $? = 0
configure:2790: result: none needed
configure:2818: checking whether gcc understands -c and -o together
configure:2840: gcc -c conftest.c -o conftest2.o
configure:2843: $? = 0
configure:2840: gcc -c conftest.c -o conftest2.o
configure:2843: $? = 0
configure:2855: result: yes
configure:2930: checking for g++
configure:2946: found /usr/bin/g++
configure:2957: result: g++
configure:2984: checking for C++ compiler version
configure:2993: g++ --version >&5
Apple LLVM version 9.0.0 (clang-900.0.38)
Target: x86_64-apple-darwin17.2.0
Thread model: posix
InstalledDir: /Applications/Xcode.app/Contents/Developer/Toolchains/XcodeDefault.xctoolchain/usr/bin
Configured with: --prefix=/Applications/Xcode.app/Contents/Developer/usr --with-gxx-include-dir=/usr/include/c++/4.2.1
configure:3004: $? = 0
configure:2993: g++ -v >&5
Configured with: --prefix=/Applications/Xcode.app/Contents/Developer/usr --with-gxx-include-dir=/usr/include/c++/4.2.1
Apple LLVM version 9.0.0 (clang-900.0.38)
Target: x86_64-apple-darwin17.2.0
Thread model: posix
InstalledDir: /Applications/Xcode.app/Contents/Developer/Toolchains/XcodeDefault.xctoolchain/usr/bin
configure:3004: $? = 0
configure:2993: g++ -V >&5
clang: error: argument to '-V' is missing (expected 1 value)
clang: error: no input files
configure:3004: $? = 1
configure:2993: g++ -qversion >&5
clang: error: unknown argument: '-qversion'
clang: error: no input files
configure:3004: $? = 1
configure:3008: checking whether we are using the GNU C++ compiler
configure:3027: g++ -c   conftest.cpp >&5
configure:3027: $? = 0
configure:3036: result: yes
configure:3045: checking whether g++ accepts -g
configure:3065: g++ -c -g  conftest.cpp >&5
configure:3065: $? = 0
configure:3106: result: yes
configure:3129: checking for a sed that does not truncate output
configure:3193: result: /usr/bin/sed
configure:3208: checking build system type
configure:3222: result: x86_64-apple-darwin17.2.0
configure:3242: checking host system type
configure:3255: result: x86_64-apple-darwin17.2.0
configure:3291: checking for a BSD-compatible install
configure:3359: result: /usr/bin/install -c
configure:3370: checking whether build environment is sane
configure:3425: result: yes
configure:3573: checking for a thread-safe mkdir -p
configure:3612: result: build-aux/install-sh -c -d
configure:3619: checking for gawk
configure:3649: result: no
configure:3619: checking for mawk
configure:3649: result: no
configure:3619: checking for nawk
configure:3649: result: no
configure:3619: checking for awk
configure:3635: found /usr/bin/awk
configure:3646: result: awk
configure:3657: checking whether make sets $(MAKE)
configure:3679: result: yes
configure:3709: checking for style of include used by make
configure:3737: result: GNU
configure:3771: checking whether make supports nested variables
configure:3788: result: yes
configure:3873: checking dependency style of gcc
configure:3984: result: none
configure:4001: checking dependency style of g++
configure:4112: result: none
configure:4225: checking whether OS is FreeBSD
configure:4232: result: no
configure:4236: checking whether OS is macOS
configure:4239: result: yes
configure:4302: checking for pkg-config
configure:4320: found /usr/local/bin/pkg-config
configure:4332: result: /usr/local/bin/pkg-config
configure:4357: checking pkg-config is at least version 0.23
configure:4360: result: yes
configure:4373: checking whether to enable the Debug build
configure:4377: result: no
configure:4392: checking whether to enable the GUI
configure:4396: result: yes
configure:4411: checking whether to install the systemd service file
configure:4419: result: no
configure:4428: checking whether to enable the WebUI
configure:4432: result: yes
configure:4446: $PKG_CONFIG --exists --print-errors "Qt5Core >= 5.5.1"
configure:4449: $? = 0
configure:4488: checking for Qt5 qmake >= 5.5.1
configure:4491: result: /usr/local/Cellar/qt/5.9.2/bin/qmake
configure:4506: checking for Qt5Svg
configure:4513: $PKG_CONFIG --exists --print-errors "Qt5Svg >= 5.5.1"
configure:4516: $? = 0
configure:4530: $PKG_CONFIG --exists --print-errors "Qt5Svg >= 5.5.1"
configure:4533: $? = 0
configure:4591: result: yes
configure:4597: checking whether QtDBus should be enabled
configure:4627: result: no
configure:4776: checking for boostlib >= 1.35 (103500)
configure:4808: g++ -c -g -O2  -I/usr/local/include conftest.cpp >&5
configure:4808: $? = 0
configure:4810: result: yes
configure:4960: Boost CPPFLAGS: "-I/usr/local/include"
                Boost LDFLAGS: "-L/usr/local/lib"
configure:5008: checking whether the Boost::System library is available
configure:5033: g++ -c  -I/usr/local/include  -I/usr/local/include conftest.cpp >&5
configure:5033: $? = 0
configure:5048: result: yes
configure:5063: checking for exit in -lboost_system
configure:5088: g++ -o conftest -g -O2 -I/usr/local/include  -I/usr/local/include -L/usr/local/lib  -L/usr/local/lib conftest.cpp -lboost_system   >&5
configure:5088: $? = 0
configure:5098: result: yes
configure:5218: Boost.System LIB: "-lboost_system"
configure:5222: checking which qtsingleapplication to use
configure:5226: result: shipped
configure:5241: checking for libtorrent
configure:5248: $PKG_CONFIG --exists --print-errors "libtorrent-rasterbar >= 1.0.6"
configure:5251: $? = 0
configure:5265: $PKG_CONFIG --exists --print-errors "libtorrent-rasterbar >= 1.0.6"
configure:5268: $? = 0
configure:5326: result: yes
configure:5334: checking for zlib
configure:5341: $PKG_CONFIG --exists --print-errors "zlib >= 1.2.5.2"
configure:5344: $? = 0
configure:5358: $PKG_CONFIG --exists --print-errors "zlib >= 1.2.5.2"
configure:5361: $? = 0
configure:5419: result: yes
configure:5678: checking that generated files are newer than configure
configure:5684: result: done
configure:5711: creating ./config.status

## ---------------------- ##
## Running config.status. ##
## ---------------------- ##

This file was extended by qbittorrent config.status v3.2.0alpha, which was
generated by GNU Autoconf 2.69.  Invocation command line was

  CONFIG_FILES    = 
  CONFIG_HEADERS  = 
  CONFIG_LINKS    = 
  CONFIG_COMMANDS = 
  $ ./config.status 

on Brandons-MacBook-Pro.local

config.status:819: creating conf.pri
config.status:991: executing depfiles commands
configure:8161: Running qmake to generate the makefile...
configure:8171: Good, your configure finished.

## ---------------- ##
## Cache variables. ##
## ---------------- ##

ac_cv_build=x86_64-apple-darwin17.2.0
ac_cv_c_compiler_gnu=yes
ac_cv_cxx_compiler_gnu=yes
ac_cv_env_CCC_set=
ac_cv_env_CCC_value=
ac_cv_env_CC_set=
ac_cv_env_CC_value=
ac_cv_env_CFLAGS_set=
ac_cv_env_CFLAGS_value=
ac_cv_env_CPPFLAGS_set=
ac_cv_env_CPPFLAGS_value=
ac_cv_env_CXXFLAGS_set=
ac_cv_env_CXXFLAGS_value=
ac_cv_env_CXX_set=
ac_cv_env_CXX_value=
ac_cv_env_LDFLAGS_set=
ac_cv_env_LDFLAGS_value=
ac_cv_env_LIBS_set=
ac_cv_env_LIBS_value=
ac_cv_env_PKG_CONFIG_LIBDIR_set=
ac_cv_env_PKG_CONFIG_LIBDIR_value=
ac_cv_env_PKG_CONFIG_PATH_set=
ac_cv_env_PKG_CONFIG_PATH_value=
ac_cv_env_PKG_CONFIG_set=
ac_cv_env_PKG_CONFIG_value=
ac_cv_env_QT_QMAKE_set=set
ac_cv_env_QT_QMAKE_value=/usr/local/Cellar/qt/5.9.2/bin
ac_cv_env_Qt5Svg_CFLAGS_set=
ac_cv_env_Qt5Svg_CFLAGS_value=
ac_cv_env_Qt5Svg_LIBS_set=
ac_cv_env_Qt5Svg_LIBS_value=
ac_cv_env_build_alias_set=
ac_cv_env_build_alias_value=
ac_cv_env_host_alias_set=
ac_cv_env_host_alias_value=
ac_cv_env_libtorrent_CFLAGS_set=
ac_cv_env_libtorrent_CFLAGS_value=
ac_cv_env_libtorrent_LIBS_set=
ac_cv_env_libtorrent_LIBS_value=
ac_cv_env_target_alias_set=
ac_cv_env_target_alias_value=
ac_cv_env_zlib_CFLAGS_set=
ac_cv_env_zlib_CFLAGS_value=
ac_cv_env_zlib_LIBS_set=
ac_cv_env_zlib_LIBS_value=
ac_cv_host=x86_64-apple-darwin17.2.0
ac_cv_lib_boost_system___exit=yes
ac_cv_objext=o
ac_cv_path_SED=/usr/bin/sed
ac_cv_path_ac_pt_PKG_CONFIG=/usr/local/bin/pkg-config
ac_cv_path_install='/usr/bin/install -c'
ac_cv_prog_AWK=awk
ac_cv_prog_ac_ct_CC=gcc
ac_cv_prog_ac_ct_CXX=g++
ac_cv_prog_cc_c89=
ac_cv_prog_cc_g=yes
ac_cv_prog_cxx_g=yes
ac_cv_prog_make_make_set=yes
am_cv_CC_dependencies_compiler_type=none
am_cv_CXX_dependencies_compiler_type=none
am_cv_make_support_nested_variables=yes
am_cv_prog_cc_c_o=yes
ax_cv_boost_system=yes
pkg_cv_QT_QMAKE=/usr/local/Cellar/qt/5.9.2/bin
pkg_cv_Qt5Svg_CFLAGS='-I/usr/local/Cellar/qt/5.9.2/include/QtSvg -I/usr/local/Cellar/qt/5.9.2/include -I/usr/local/Cellar/qt/5.9.2/include/QtWidgets -I/usr/local/Cellar/qt/5.9.2/include -I/usr/local/Cellar/qt/5.9.2/include/QtGui -I/usr/local/Cellar/qt/5.9.2/include -I/usr/local/Cellar/qt/5.9.2/include/QtCore -I/usr/local/Cellar/qt/5.9.2/include'
pkg_cv_Qt5Svg_LIBS='-F/usr/local/Cellar/qt/5.9.2/lib -framework QtSvg -F/usr/local/Cellar/qt/5.9.2/lib -framework QtWidgets -F/usr/local/Cellar/qt/5.9.2/lib -framework QtGui -F/usr/local/Cellar/qt/5.9.2/lib -framework QtCore'
pkg_cv_libtorrent_CFLAGS='-DTORRENT_USE_OPENSSL -DBOOST_ASIO_HASH_MAP_BUCKETS=1021 -DBOOST_EXCEPTION_DISABLE -DBOOST_ASIO_ENABLE_CANCELIO -DTORRENT_LINKING_SHARED -I/usr/local/Cellar/libtorrent-rasterbar/1.1.5/include -I/usr/local/Cellar/libtorrent-rasterbar/1.1.5/include/libtorrent'
pkg_cv_libtorrent_LIBS='-L/usr/local/Cellar/libtorrent-rasterbar/1.1.5/lib -ltorrent-rasterbar -lboost_system'
pkg_cv_zlib_CFLAGS=
pkg_cv_zlib_LIBS=-lz

## ----------------- ##
## Output variables. ##
## ----------------- ##

ACLOCAL='${SHELL} /users/brandonwright/documents/dev/qbittorrent/qbittorrent/build-aux/missing aclocal-1.15'
AMDEPBACKSLASH='\'
AMDEP_FALSE='#'
AMDEP_TRUE=''
AMTAR='$${TAR-tar}'
AM_BACKSLASH='\'
AM_DEFAULT_V='$(AM_DEFAULT_VERBOSITY)'
AM_DEFAULT_VERBOSITY='1'
AM_V='$(V)'
AUTOCONF='${SHELL} /users/brandonwright/documents/dev/qbittorrent/qbittorrent/build-aux/missing autoconf'
AUTOHEADER='${SHELL} /users/brandonwright/documents/dev/qbittorrent/qbittorrent/build-aux/missing autoheader'
AUTOMAKE='${SHELL} /users/brandonwright/documents/dev/qbittorrent/qbittorrent/build-aux/missing automake-1.15'
AWK='awk'
BOOST_CPPFLAGS='-I/usr/local/include'
BOOST_LDFLAGS='-L/usr/local/lib'
BOOST_SYSTEM_LIB='-lboost_system'
CC='gcc'
CCDEPMODE='depmode=none'
CFLAGS='-g -O2'
CPPFLAGS=' -DTORRENT_USE_OPENSSL -DBOOST_ASIO_HASH_MAP_BUCKETS=1021 -DBOOST_EXCEPTION_DISABLE -DBOOST_ASIO_ENABLE_CANCELIO -DTORRENT_LINKING_SHARED -I/usr/local/Cellar/libtorrent-rasterbar/1.1.5/include -I/usr/local/Cellar/libtorrent-rasterbar/1.1.5/include/libtorrent -I/usr/local/include '
CXX='g++'
CXXDEPMODE='depmode=none'
CXXFLAGS='-g -O2'
CYGPATH_W='echo'
DEFS='-DPACKAGE_NAME=\"qbittorrent\" -DPACKAGE_TARNAME=\"qbittorrent\" -DPACKAGE_VERSION=\"v3.2.0alpha\" -DPACKAGE_STRING=\"qbittorrent\ v3.2.0alpha\" -DPACKAGE_BUGREPORT=\"bugs.qbittorrent.org\" -DPACKAGE_URL=\"http://www.qbittorrent.org/\" -DPACKAGE=\"qbittorrent\" -DVERSION=\"v3.2.0alpha\" -DHAVE_BOOST=/\*\*/ -DHAVE_BOOST_SYSTEM=/\*\*/ -DEXPAND_PREFIX=\"/usr/local\" -DEXPAND_BINDIR=\"/usr/local/bin\" -DEXPAND_DATADIR=\"/usr/local/share\" -DEXPAND_MANDIR=\"/usr/local/share/man\"'
DEPDIR='.deps'
ECHO_C='\c'
ECHO_N=''
ECHO_T=''
EXEEXT=''
EXPAND_BINDIR='/usr/local/bin'
EXPAND_DATADIR='/usr/local/share'
EXPAND_MANDIR='/usr/local/share/man'
EXPAND_PREFIX='/usr/local'
INSTALL_DATA='${INSTALL} -m 644'
INSTALL_PROGRAM='${INSTALL}'
INSTALL_SCRIPT='${INSTALL}'
INSTALL_STRIP_PROGRAM='$(install_sh) -c -s'
LDFLAGS='-L/usr/local/lib '
LIBOBJS=''
LIBS='-lz -L/usr/local/Cellar/libtorrent-rasterbar/1.1.5/lib -ltorrent-rasterbar -lboost_system -lboost_system '
LTLIBOBJS=''
MAKEINFO='${SHELL} /users/brandonwright/documents/dev/qbittorrent/qbittorrent/build-aux/missing makeinfo'
MKDIR_P='build-aux/install-sh -c -d'
OBJEXT='o'
PACKAGE='qbittorrent'
PACKAGE_BUGREPORT='bugs.qbittorrent.org'
PACKAGE_NAME='qbittorrent'
PACKAGE_STRING='qbittorrent v3.2.0alpha'
PACKAGE_TARNAME='qbittorrent'
PACKAGE_URL='http://www.qbittorrent.org/'
PACKAGE_VERSION='v3.2.0alpha'
PATH_SEPARATOR=':'
PKG_CONFIG='/usr/local/bin/pkg-config'
PKG_CONFIG_LIBDIR=''
PKG_CONFIG_PATH=''
QBT_ADD_CONFIG=' release'
QBT_ADD_DEFINES=' TORRENT_LINKING_SHARED BOOST_ASIO_ENABLE_CANCELIO BOOST_EXCEPTION_DISABLE BOOST_ASIO_HASH_MAP_BUCKETS=1021 TORRENT_USE_OPENSSL '
QBT_CONF_EXTRA_CFLAGS=' -g -O2'
QBT_CONF_INCLUDES='/usr/local/include /usr/local/Cellar/libtorrent-rasterbar/1.1.5/include/libtorrent /usr/local/Cellar/libtorrent-rasterbar/1.1.5/include '
QBT_REMOVE_CONFIG=' debug nogui systemd nowebui dbus usesystemqtsingleapplication'
QBT_REMOVE_DEFINES=''
QT_QMAKE='/usr/local/Cellar/qt/5.9.2/bin/qmake'
Qt5Svg_CFLAGS='-I/usr/local/Cellar/qt/5.9.2/include/QtSvg -I/usr/local/Cellar/qt/5.9.2/include -I/usr/local/Cellar/qt/5.9.2/include/QtWidgets -I/usr/local/Cellar/qt/5.9.2/include -I/usr/local/Cellar/qt/5.9.2/include/QtGui -I/usr/local/Cellar/qt/5.9.2/include -I/usr/local/Cellar/qt/5.9.2/include/QtCore -I/usr/local/Cellar/qt/5.9.2/include'
Qt5Svg_LIBS='-F/usr/local/Cellar/qt/5.9.2/lib -framework QtSvg -F/usr/local/Cellar/qt/5.9.2/lib -framework QtWidgets -F/usr/local/Cellar/qt/5.9.2/lib -framework QtGui -F/usr/local/Cellar/qt/5.9.2/lib -framework QtCore'
SED='/usr/bin/sed'
SET_MAKE=''
SHELL='/bin/sh'
STRIP=''
VERSION='v3.2.0alpha'
ac_ct_CC='gcc'
ac_ct_CXX='g++'
am__EXEEXT_FALSE=''
am__EXEEXT_TRUE='#'
am__fastdepCC_FALSE=''
am__fastdepCC_TRUE='#'
am__fastdepCXX_FALSE=''
am__fastdepCXX_TRUE='#'
am__include='include'
am__isrc=''
am__leading_dot='.'
am__nodep='_no'
am__quote=''
am__tar='$${TAR-tar} chof - "$$tardir"'
am__untar='$${TAR-tar} xf -'
bindir='${exec_prefix}/bin'
build='x86_64-apple-darwin17.2.0'
build_alias=''
build_cpu='x86_64'
build_os='darwin17.2.0'
build_vendor='apple'
datadir='${datarootdir}'
datarootdir='${prefix}/share'
docdir='${datarootdir}/doc/${PACKAGE_TARNAME}'
dvidir='${docdir}'
exec_prefix='${prefix}'
host='x86_64-apple-darwin17.2.0'
host_alias=''
host_cpu='x86_64'
host_os='darwin17.2.0'
host_vendor='apple'
htmldir='${docdir}'
includedir='${prefix}/include'
infodir='${datarootdir}/info'
install_sh='${SHELL} /users/brandonwright/documents/dev/qbittorrent/qbittorrent/build-aux/install-sh'
libdir='${exec_prefix}/lib'
libexecdir='${exec_prefix}/libexec'
libtorrent_CFLAGS='-DTORRENT_USE_OPENSSL -DBOOST_ASIO_HASH_MAP_BUCKETS=1021 -DBOOST_EXCEPTION_DISABLE -DBOOST_ASIO_ENABLE_CANCELIO -DTORRENT_LINKING_SHARED -I/usr/local/Cellar/libtorrent-rasterbar/1.1.5/include -I/usr/local/Cellar/libtorrent-rasterbar/1.1.5/include/libtorrent'
libtorrent_LIBS='-L/usr/local/Cellar/libtorrent-rasterbar/1.1.5/lib -ltorrent-rasterbar -lboost_system'
localedir='${datarootdir}/locale'
localstatedir='${prefix}/var'
mandir='${datarootdir}/man'
mkdir_p='$(MKDIR_P)'
oldincludedir='/usr/include'
pdfdir='${docdir}'
prefix='/usr/local'
program_transform_name='s,x,x,'
psdir='${docdir}'
runstatedir='${localstatedir}/run'
sbindir='${exec_prefix}/sbin'
sharedstatedir='${prefix}/com'
sysconfdir='${prefix}/etc'
target_alias=''
zlib_CFLAGS=''
zlib_LIBS='-lz'

## ----------- ##
## confdefs.h. ##
## ----------- ##

/* confdefs.h */
#define PACKAGE_NAME "qbittorrent"
#define PACKAGE_TARNAME "qbittorrent"
#define PACKAGE_VERSION "v3.2.0alpha"
#define PACKAGE_STRING "qbittorrent v3.2.0alpha"
#define PACKAGE_BUGREPORT "bugs.qbittorrent.org"
#define PACKAGE_URL "http://www.qbittorrent.org/"
#define PACKAGE "qbittorrent"
#define VERSION "v3.2.0alpha"
#define HAVE_BOOST /**/
#define HAVE_BOOST_SYSTEM /**/
#define EXPAND_PREFIX "/usr/local"
#define EXPAND_BINDIR "/usr/local/bin"
#define EXPAND_DATADIR "/usr/local/share"
#define EXPAND_MANDIR "/usr/local/share/man"

configure: exit 0
